2020-08-02T13:38:20.516Z - info: Initialization success.
2020-08-02T13:39:45.066Z - info: Website generation started at 9:39:45 PM
2020-08-02T13:39:45.124Z - info: Building assets...
2020-08-02T13:39:45.140Z - info: Assets built
2020-08-02T13:39:45.140Z - info: Generating pages...
2020-08-02T13:39:45.423Z - info: Pages built
2020-08-02T13:39:45.488Z - info: Website generation complete! Total build time: 0.429s
2020-08-02T13:39:45.513Z - info: Serving "C:\Users\Kendrick\IdeaProjects\exploration\markbind\_site" at http://127.0.0.1:8080
2020-08-02T13:39:45.514Z - info: Press CTRL+C to stop ...
2020-08-02T13:39:45.533Z - info: Site data built
2020-08-02T13:42:39.537Z - info: [9:42:39 PM] Reload for file change: C:\Users\Kendrick\IdeaProjects\exploration\markbind\index.md
2020-08-02T13:42:40.542Z - info: Rebuilding 1 pages
2020-08-02T13:42:40.685Z - info: Pages rebuilt
2020-08-02T13:42:40.685Z - info: Website regeneration complete! Total build time: 0.144s
2020-08-02T13:42:40.687Z - info: Site data built
2020-08-02T13:49:09.704Z - info: Website generation started at 9:49:09 PM
2020-08-02T13:49:09.761Z - info: Building assets...
2020-08-02T13:49:09.774Z - info: Assets built
2020-08-02T13:49:09.774Z - info: Generating pages...
2020-08-02T13:49:10.043Z - info: Pages built
2020-08-02T13:49:10.101Z - info: Website generation complete! Total build time: 0.415s
2020-08-02T13:49:10.102Z - info: Build success!
2020-08-02T13:49:10.103Z - info: Site data built
2020-08-02T13:57:04.406Z - info: Website generation started at 9:57:04 PM
2020-08-02T13:57:04.462Z - info: Building assets...
2020-08-02T13:57:04.474Z - info: Assets built
2020-08-02T13:57:04.475Z - info: Generating pages...
2020-08-02T13:57:04.749Z - info: Pages built
2020-08-02T13:57:04.807Z - info: Website generation complete! Total build time: 0.417s
2020-08-02T13:57:04.807Z - info: Build success!
2020-08-02T13:57:04.808Z - info: Site data built
